<?xml version="1.0" encoding="UTF-8" ?>
<testsuites>
  <testsuite errors="0" failures="0" hostname="127.0.0.1" id="0" name="testresults" package="mxunit" tests="3" time="1.662" timestamp="07/20/13 5:01:31 PM">
    <properties>
[...]
</properties>
    <testcase classname="sample_app.test.mxunit.LocationManagerTest" name="verify51States" time="1.395" />
    <testcase classname="sample_app.test.mxunit.LocationManagerTest" name="verifyStateNames" time="0.019" />
    <testcase classname="sample_app.test.mxunit.LocationManagerTest" name="verifyStateRSFields" time="0.003" />
  </testsuite>
</testsuites>
